<?xml version="1.0" encoding="UTF-8"?>
<!-- Generated by org.testng.reporters.JUnitReportReporter -->
<testsuite hostname="LAPTOP-O2GM6OOR" failures="0" tests="1" name="testNG.Fileupload" time="12.664" errors="0" timestamp="2024-11-17T23:46:19 IST" skipped="0">
  <testcase classname="testNG.Fileupload" name="setUp" time="12.664"/>
  <system-out/>
</testsuite> <!-- testNG.Fileupload -->
