<?xml version="1.0" encoding="UTF-8"?>
<!-- Generated by org.testng.reporters.JUnitReportReporter -->
<testsuite hostname="LAPTOP-O2GM6OOR" failures="0" tests="3" name="testNG.Demopgm" time="0.011" errors="0" timestamp="2024-11-12T11:39:19 IST" skipped="1">
  <testcase classname="testNG.Demopgm" name="test3" time="0.008"/>
  <system-out/>
  <testcase classname="testNG.Demopgm" name="test1" time="0.003"/>
  <system-out/>
  <testcase classname="testNG.Demopgm" name="test2">
    <skipped/>
  </testcase> <!-- test2 -->
  <system-out/>
</testsuite> <!-- testNG.Demopgm -->
