<?xml version="1.0" encoding="UTF-8"?>
<!-- Generated by org.testng.reporters.JUnitReportReporter -->
<testsuite hostname="LAPTOP-O2GM6OOR" failures="0" tests="1" name="testNG.FlipkartNewtabswitch" time="14.972" errors="0" timestamp="2024-11-26T21:05:04 IST" skipped="0">
  <testcase classname="testNG.FlipkartNewtabswitch" name="amazon" time="14.972"/>
  <system-out/>
</testsuite> <!-- testNG.FlipkartNewtabswitch -->
