<?xml version="1.0" encoding="UTF-8"?>
<!-- Generated by org.testng.reporters.JUnitReportReporter -->
<testsuite hostname="LAPTOP-O2GM6OOR" failures="0" tests="1" name="testNG.Datadriven" time="36.507" errors="0" timestamp="2024-11-19T12:06:18 IST" skipped="0">
  <testcase classname="testNG.Datadriven" name="datadriventest" time="36.507"/>
  <system-out/>
</testsuite> <!-- testNG.Datadriven -->
