<?xml version="1.0" encoding="UTF-8"?>
<!-- Generated by org.testng.reporters.JUnitReportReporter -->
<testsuite hostname="LAPTOP-O2GM6OOR" failures="0" tests="1" name="testNG.DragandDrop" time="0.695" errors="0" timestamp="2024-11-13T12:06:53 IST" skipped="0">
  <testcase classname="testNG.DragandDrop" name="dragdrop" time="0.695"/>
  <system-out/>
</testsuite> <!-- testNG.DragandDrop -->
