<?xml version="1.0" encoding="UTF-8"?>
<!-- Generated by org.testng.reporters.JUnitReportReporter -->
<testsuite hostname="LAPTOP-O2GM6OOR" failures="0" tests="1" name="testNG.Gurudemo" time="0.701" errors="0" timestamp="2024-11-30T20:23:50 IST" skipped="0">
  <testcase classname="testNG.Gurudemo" name="clicks" time="0.701"/>
  <system-out/>
</testsuite> <!-- testNG.Gurudemo -->
