<?xml version="1.0" encoding="UTF-8"?>
<!-- Generated by org.testng.reporters.JUnitReportReporter -->
<testsuite hostname="LAPTOP-O2GM6OOR" failures="0" tests="1" name="testNG.Assertions" time="0.951" errors="0" timestamp="2024-11-18T12:54:15 IST" skipped="0">
  <testcase classname="testNG.Assertions" name="asrt" time="0.951"/>
  <system-out/>
</testsuite> <!-- testNG.Assertions -->
