<?xml version="1.0" encoding="UTF-8"?>
<!-- Generated by org.testng.reporters.JUnitReportReporter -->
<testsuite hostname="LAPTOP-O2GM6OOR" failures="0" tests="1" name="testNG.parameteriastion" time="0.010" errors="0" timestamp="2024-11-12T12:38:42 IST" skipped="0">
  <testcase classname="testNG.parameteriastion" name="paramtr" time="0.010"/>
  <system-out/>
</testsuite> <!-- testNG.parameteriastion -->
