<?xml version="1.0" encoding="UTF-8"?>
<!-- Generated by org.testng.reporters.JUnitReportReporter -->
<testsuite hostname="LAPTOP-O2GM6OOR" failures="0" tests="2" name="testNG.Extentreports" time="2.363" errors="0" timestamp="2024-11-26T21:04:05 IST" skipped="0">
  <testcase classname="testNG.Extentreports" name="fbTitletest" time="1.605"/>
  <system-out/>
  <testcase classname="testNG.Extentreports" name="fbLogotest" time="0.758"/>
  <system-out/>
</testsuite> <!-- testNG.Extentreports -->
