<?xml version="1.0" encoding="UTF-8"?>
<!-- Generated by org.testng.reporters.JUnitReportReporter -->
<testsuite hostname="LAPTOP-O2GM6OOR" failures="0" tests="1" name="testNG.Trivago" time="0.611" errors="0" timestamp="2024-11-17T22:10:07 IST" skipped="0">
  <testcase classname="testNG.Trivago" name="dates" time="0.611"/>
  <system-out/>
</testsuite> <!-- testNG.Trivago -->
