<?xml version="1.0" encoding="UTF-8"?>
<!-- Generated by org.testng.reporters.JUnitReportReporter -->
<testsuite hostname="LAPTOP-O2GM6OOR" failures="0" tests="1" name="testNG.Copypastepgm" time="0.686" errors="0" timestamp="2024-11-12T13:14:17 IST" skipped="0">
  <testcase classname="testNG.Copypastepgm" name="copypste" time="0.686"/>
  <system-out/>
</testsuite> <!-- testNG.Copypastepgm -->
