<?xml version="1.0" encoding="UTF-8"?>
<!-- Generated by org.testng.reporters.JUnitReportReporter -->
<testsuite hostname="LAPTOP-O2GM6OOR" failures="0" tests="1" name="testNG.Google" time="0.284" errors="0" timestamp="2024-11-12T12:40:37 IST" skipped="0">
  <testcase classname="testNG.Google" name="googlesrch" time="0.284"/>
  <system-out/>
</testsuite> <!-- testNG.Google -->
