<?xml version="1.0" encoding="UTF-8"?>
<!-- Generated by org.testng.reporters.JUnitReportReporter -->
<testsuite hostname="LAPTOP-O2GM6OOR" failures="0" tests="1" name="testNG.Fileuploadnewway" time="7.585" errors="0" timestamp="2024-11-18T00:17:41 IST" skipped="0">
  <testcase classname="testNG.Fileuploadnewway" name="setUp" time="7.585"/>
  <system-out/>
</testsuite> <!-- testNG.Fileuploadnewway -->
