<?xml version="1.0" encoding="UTF-8"?>
<!-- Generated by org.testng.reporters.JUnitReportReporter -->
<testsuite hostname="LAPTOP-O2GM6OOR" failures="0" tests="1" name="testNG.Newtabswitch" time="1.025" errors="0" timestamp="2024-11-15T12:43:04 IST" skipped="0">
  <testcase classname="testNG.Newtabswitch" name="windowHandle" time="1.025"/>
  <system-out/>
</testsuite> <!-- testNG.Newtabswitch -->
