<?xml version="1.0" encoding="UTF-8"?>
<!-- Generated by org.testng.reporters.JUnitReportReporter -->
<testsuite hostname="LAPTOP-O2GM6OOR" failures="0" tests="1" name="testNG.Ebay" time="3.203" errors="0" timestamp="2024-11-14T12:05:21 IST" skipped="0">
  <testcase classname="testNG.Ebay" name="movetoelement" time="3.203"/>
  <system-out/>
</testsuite> <!-- testNG.Ebay -->
